
################ CsRRv #################
run-id: CsRRv
Mon Oct 2 02:19:55 EDT 2017
local/chain/run_e2e_dropout_2Ls.sh --drop-prop  --affix _ep4_dim800_nommi30_nrmegs_EqAl5_stddev_0L2 --equal-align-iters 5 --use-final-stddev true --num-epochs 4 --l2-regularize 0.0 --normalize-egs true --no-mmi-percent 30 --dim 800 --topo-affix _chain --tree-affix _sharedT1S1 --topo-opts --type chain --stage 10
Run CsRRv, dir = exp/chain/e2e_ep4_dim800_nommi30_nrmegs_EqAl5_stddev_0L2_chain_sharedT1S1

################ euyd0 #################
run-id: euyd0
Mon Oct 2 02:21:38 EDT 2017
local/chain/run_e2e_dropout_2Ls.sh --drop-prop  --affix _ep4_dim800_nommi30_nrmegs_EqAl5_stddev_0L2 --equal-align-iters 5 --use-final-stddev true --num-epochs 4 --l2-regularize 0.0 --normalize-egs true --no-mmi-percent 30 --dim 800 --topo-affix _chain --tree-affix _sharedT1S1 --topo-opts --type chain --stage 10
Run euyd0, dir = exp/chain/e2e_ep4_dim800_nommi30_nrmegs_EqAl5_stddev_0L2_chain_sharedT1S1

################ 7xZrX #################
run-id: 7xZrX
Mon Oct 2 02:23:20 EDT 2017
local/chain/run_e2e_dropout_2Ls.sh --drop-prop  --affix _ep4_dim800_nommi30_nrmegs_EqAl5_stddev_0L2 --equal-align-iters 5 --use-final-stddev true --num-epochs 4 --l2-regularize 0.0 --normalize-egs true --no-mmi-percent 30 --dim 800 --topo-affix _chain --tree-affix _sharedT1S1 --topo-opts --type chain --stage 10
Run 7xZrX, dir = exp/chain/e2e_ep4_dim800_nommi30_nrmegs_EqAl5_stddev_0L2_chain_sharedT1S1

################ UTdOM #################
run-id: UTdOM
Mon Oct 2 02:26:14 EDT 2017
local/chain/run_e2e_dropout_2Ls.sh --drop-prop  --affix _ep4_dim800_nommi30_nrmegs_EqAl5_stddev_0L2 --equal-align-iters 5 --use-final-stddev true --num-epochs 4 --l2-regularize 0.0 --normalize-egs true --no-mmi-percent 30 --dim 800 --topo-affix _chain --tree-affix _sharedT1S1 --topo-opts --type chain --stage 10
Run UTdOM, dir = exp/chain/e2e_ep4_dim800_nommi30_nrmegs_EqAl5_stddev_0L2_chain_sharedT1S1

################ Es6wD #################
run-id: Es6wD
Mon Oct 2 03:02:03 EDT 2017
local/chain/run_e2e_dropout_2Ls.sh --drop-prop  --affix _ep4_dim800_nommi0_nrmegs_EqAl5_stddev_0.2xL2 --equal-align-iters 5 --use-final-stddev true --num-epochs 4 --l2-regularize 0.00001 --normalize-egs true --no-mmi-percent 0 --dim 800 --topo-affix _chain --tree-affix _sharedT1S1 --topo-opts --type chain --stage 11
Run Es6wD, dir = exp/chain/e2e_ep4_dim800_nommi0_nrmegs_EqAl5_stddev_0.2xL2_chain_sharedT1S1
Run UTdOM done. Date: Mon Oct  2 17:33:30 EDT 2017. Results:
# local/chain/compare_wer_general.sh exp/chain/e2e_ep4_dim800_nommi30_nrmegs_EqAl5_stddev_0L2_chain_sharedT1S1
# System                exp/chain/e2e_ep4_dim800_nommi30_nrmegs_EqAl5_stddev_0L2_chain_sharedT1S1
# WER on train_dev(tg)           
# WER on train_dev(fg)           
# WER on eval2000(tg)            
# WER on eval2000(fg)            
# Final train prob         -0.888
# Final valid prob         -0.908
# Final train prob (xent)         0.000
# Final valid prob (xent)        0.0000

################ YCJkI #################
run-id: YCJkI
Mon Oct 2 17:38:22 EDT 2017
local/chain/run_e2e_dropout_2Ls.sh --drop-prop  --affix _ep4_dim800_nommi30_nrmegs_EqAl5_stddev_0L2 --equal-align-iters 5 --use-final-stddev true --num-epochs 4 --l2-regularize 0.0 --normalize-egs true --no-mmi-percent 30 --dim 800 --topo-affix _chain --tree-affix _sharedT1S1 --topo-opts --type chain --stage 15
Run YCJkI, dir = exp/chain/e2e_ep4_dim800_nommi30_nrmegs_EqAl5_stddev_0L2_chain_sharedT1S1
Run YCJkI done. Date: Mon Oct  2 18:11:43 EDT 2017. Results:
%WER 24.2 | 4459 42989 | 78.1 15.5 6.4 2.3 24.2 61.3 | exp/chain/e2e_ep4_dim800_nommi30_nrmegs_EqAl5_stddev_0L2_chain_sharedT1S1/decode_a1.0_p10.0_s1.0_eval2000_sw1_tg/score_8_1.0/eval2000_hires.ctm.filt.sys
%WER 17.8 | 1831 21395 | 84.1 11.5 4.4 1.9 17.8 55.0 | exp/chain/e2e_ep4_dim800_nommi30_nrmegs_EqAl5_stddev_0L2_chain_sharedT1S1/decode_a1.0_p10.0_s1.0_eval2000_sw1_tg/score_8_0.5/eval2000_hires.ctm.swbd.filt.sys
%WER 30.6 | 2628 21594 | 72.4 19.7 7.9 3.0 30.6 65.5 | exp/chain/e2e_ep4_dim800_nommi30_nrmegs_EqAl5_stddev_0L2_chain_sharedT1S1/decode_a1.0_p10.0_s1.0_eval2000_sw1_tg/score_8_0.0/eval2000_hires.ctm.callhm.filt.sys
# local/chain/compare_wer_general.sh exp/chain/e2e_ep4_dim800_nommi30_nrmegs_EqAl5_stddev_0L2_chain_sharedT1S1
# System                exp/chain/e2e_ep4_dim800_nommi30_nrmegs_EqAl5_stddev_0L2_chain_sharedT1S1
# WER on train_dev(tg)      22.76
# WER on train_dev(fg)      21.05
# WER on eval2000(tg)        24.2
# WER on eval2000(fg)        22.3
# Final train prob         -0.888
# Final valid prob         -0.908
# Final train prob (xent)         0.000
# Final valid prob (xent)        0.0000
Run Es6wD done. Date: Mon Oct  2 19:50:02 EDT 2017. Results:
%WER 24.1 | 4459 42989 | 78.2 15.5 6.2 2.4 24.1 60.7 | exp/chain/e2e_ep4_dim800_nommi0_nrmegs_EqAl5_stddev_0.2xL2_chain_sharedT1S1/decode_a1.0_p10.0_s1.0_eval2000_sw1_tg/score_8_1.0/eval2000_hires.ctm.filt.sys
%WER 17.8 | 1831 21395 | 83.8 11.3 4.9 1.7 17.8 55.4 | exp/chain/e2e_ep4_dim800_nommi0_nrmegs_EqAl5_stddev_0.2xL2_chain_sharedT1S1/decode_a1.0_p10.0_s1.0_eval2000_sw1_tg/score_9_1.0/eval2000_hires.ctm.swbd.filt.sys
%WER 30.2 | 2628 21594 | 72.8 19.7 7.5 3.1 30.2 64.3 | exp/chain/e2e_ep4_dim800_nommi0_nrmegs_EqAl5_stddev_0.2xL2_chain_sharedT1S1/decode_a1.0_p10.0_s1.0_eval2000_sw1_tg/score_8_0.0/eval2000_hires.ctm.callhm.filt.sys
# local/chain/compare_wer_general.sh exp/chain/e2e_ep4_dim800_nommi0_nrmegs_EqAl5_stddev_0.2xL2_chain_sharedT1S1
# System                exp/chain/e2e_ep4_dim800_nommi0_nrmegs_EqAl5_stddev_0.2xL2_chain_sharedT1S1
# WER on train_dev(tg)      21.88
# WER on train_dev(fg)      20.16
# WER on eval2000(tg)        24.1
# WER on eval2000(fg)        22.0
# Final train prob         -0.881
# Final valid prob         -0.906
# Final train prob (xent)         0.000
# Final valid prob (xent)        0.0000

################ ybXhR #################
run-id: ybXhR
Mon Oct 2 20:17:15 EDT 2017
local/chain/run_e2e_dropout_2Ls.sh --drop-prop  --affix _ep4_dim800_nommi30_nrmegs_EqAl5_stddev_0L2 --equal-align-iters 5 --use-final-stddev true --num-epochs 4 --l2-regularize 0.0 --normalize-egs true --no-mmi-percent 30 --dim 800 --topo-affix _chain --tree-affix _sharedT1S1 --topo-opts --type chain --stage 15
Run ybXhR, dir = exp/chain/e2e_ep4_dim800_nommi30_nrmegs_EqAl5_stddev_0L2_chain_sharedT1S1

################ zNOfF #################
run-id: zNOfF
Mon Oct 2 20:17:21 EDT 2017
local/chain/run_e2e_dropout_2Ls.sh --drop-prop  --affix _ep4_dim800_nommi0_nrmegs_EqAl5_stddev_0.2xL2 --equal-align-iters 5 --use-final-stddev true --num-epochs 4 --l2-regularize 0.00001 --normalize-egs true --no-mmi-percent 0 --dim 800 --topo-affix _chain --tree-affix _sharedT1S1 --topo-opts --type chain --stage 15
Run zNOfF, dir = exp/chain/e2e_ep4_dim800_nommi0_nrmegs_EqAl5_stddev_0.2xL2_chain_sharedT1S1
Run zNOfF done. Date: Mon Oct  2 20:46:51 EDT 2017. Results:
%WER 24.1 | 4459 42989 | 78.2 15.5 6.2 2.4 24.1 60.7 | exp/chain/e2e_ep4_dim800_nommi0_nrmegs_EqAl5_stddev_0.2xL2_chain_sharedT1S1/decode_a1.0_p10.0_s1.0_eval2000_sw1_tg/score_8_1.0/eval2000_hires.ctm.filt.sys
%WER 17.8 | 1831 21395 | 83.8 11.3 4.9 1.7 17.8 55.4 | exp/chain/e2e_ep4_dim800_nommi0_nrmegs_EqAl5_stddev_0.2xL2_chain_sharedT1S1/decode_a1.0_p10.0_s1.0_eval2000_sw1_tg/score_9_1.0/eval2000_hires.ctm.swbd.filt.sys
%WER 30.2 | 2628 21594 | 72.8 19.7 7.5 3.1 30.2 64.3 | exp/chain/e2e_ep4_dim800_nommi0_nrmegs_EqAl5_stddev_0.2xL2_chain_sharedT1S1/decode_a1.0_p10.0_s1.0_eval2000_sw1_tg/score_8_0.0/eval2000_hires.ctm.callhm.filt.sys
# local/chain/compare_wer_general.sh exp/chain/e2e_ep4_dim800_nommi0_nrmegs_EqAl5_stddev_0.2xL2_chain_sharedT1S1
# System                exp/chain/e2e_ep4_dim800_nommi0_nrmegs_EqAl5_stddev_0.2xL2_chain_sharedT1S1
# WER on train_dev(tg)      21.88
# WER on train_dev(fg)      20.16
# WER on eval2000(tg)        24.1
# WER on eval2000(fg)        22.0
# Final train prob         -0.881
# Final valid prob         -0.906
# Final train prob (xent)         0.000
# Final valid prob (xent)        0.0000
Run ybXhR done. Date: Mon Oct  2 20:49:23 EDT 2017. Results:
%WER 24.2 | 4459 42989 | 78.1 15.5 6.4 2.3 24.2 61.3 | exp/chain/e2e_ep4_dim800_nommi30_nrmegs_EqAl5_stddev_0L2_chain_sharedT1S1/decode_a1.0_p10.0_s1.0_eval2000_sw1_tg/score_8_1.0/eval2000_hires.ctm.filt.sys
%WER 17.8 | 1831 21395 | 84.1 11.5 4.4 1.9 17.8 55.0 | exp/chain/e2e_ep4_dim800_nommi30_nrmegs_EqAl5_stddev_0L2_chain_sharedT1S1/decode_a1.0_p10.0_s1.0_eval2000_sw1_tg/score_8_0.5/eval2000_hires.ctm.swbd.filt.sys
%WER 30.6 | 2628 21594 | 72.4 19.7 7.9 3.0 30.6 65.5 | exp/chain/e2e_ep4_dim800_nommi30_nrmegs_EqAl5_stddev_0L2_chain_sharedT1S1/decode_a1.0_p10.0_s1.0_eval2000_sw1_tg/score_8_0.0/eval2000_hires.ctm.callhm.filt.sys
# local/chain/compare_wer_general.sh exp/chain/e2e_ep4_dim800_nommi30_nrmegs_EqAl5_stddev_0L2_chain_sharedT1S1
# System                exp/chain/e2e_ep4_dim800_nommi30_nrmegs_EqAl5_stddev_0L2_chain_sharedT1S1
# WER on train_dev(tg)      22.76
# WER on train_dev(fg)      21.05
# WER on eval2000(tg)        24.2
# WER on eval2000(fg)        22.3
# Final train prob         -0.888
# Final valid prob         -0.908
# Final train prob (xent)         0.000
# Final valid prob (xent)        0.0000

################ ipm4J #################
run-id: ipm4J
Mon Oct 2 21:04:25 EDT 2017
local/chain/run_e2e_dropout_2Ls.sh --drop-prop  --affix _ep4_dim800_nommi0_nrmegs_EqAl5_stddev_0.2xL2 --equal-align-iters 5 --use-final-stddev true --num-epochs 4 --l2-regularize 0.00001 --normalize-egs true --no-mmi-percent 0 --dim 800 --topo-affix _chain --tree-affix _sharedT1S1 --topo-opts --type chain --stage 15
Run ipm4J, dir = exp/chain/e2e_ep4_dim800_nommi0_nrmegs_EqAl5_stddev_0.2xL2_chain_sharedT1S1
Run ipm4J done. Date: Mon Oct  2 21:44:04 EDT 2017. Results:
%WER 24.1 | 4459 42989 | 78.2 15.5 6.2 2.4 24.1 60.7 | exp/chain/e2e_ep4_dim800_nommi0_nrmegs_EqAl5_stddev_0.2xL2_chain_sharedT1S1/decode_a1.0_p10.0_s1.0_eval2000_sw1_tg/score_8_1.0/eval2000_hires.ctm.filt.sys
%WER 17.8 | 1831 21395 | 83.8 11.3 4.9 1.7 17.8 55.4 | exp/chain/e2e_ep4_dim800_nommi0_nrmegs_EqAl5_stddev_0.2xL2_chain_sharedT1S1/decode_a1.0_p10.0_s1.0_eval2000_sw1_tg/score_9_1.0/eval2000_hires.ctm.swbd.filt.sys
%WER 30.2 | 2628 21594 | 72.8 19.7 7.5 3.1 30.2 64.3 | exp/chain/e2e_ep4_dim800_nommi0_nrmegs_EqAl5_stddev_0.2xL2_chain_sharedT1S1/decode_a1.0_p10.0_s1.0_eval2000_sw1_tg/score_8_0.0/eval2000_hires.ctm.callhm.filt.sys
# local/chain/compare_wer_general.sh exp/chain/e2e_ep4_dim800_nommi0_nrmegs_EqAl5_stddev_0.2xL2_chain_sharedT1S1
# System                exp/chain/e2e_ep4_dim800_nommi0_nrmegs_EqAl5_stddev_0.2xL2_chain_sharedT1S1
# WER on train_dev(tg)      21.88
# WER on train_dev(fg)      20.16
# WER on eval2000(tg)        24.1
# WER on eval2000(fg)        22.0
# Final train prob         -0.881
# Final valid prob         -0.906
# Final train prob (xent)         0.000
# Final valid prob (xent)        0.0000

################ Ljg1m #################
run-id: Ljg1m
Mon Oct 2 23:10:18 EDT 2017
local/chain/run_e2e_dropout_2Ls.sh --drop-prop  --affix _ep4_dim750_nommi0_nrmegs_EqAl5_stddev_0.2xL2 --no-mmi-percent 0 --dim 750 --topo-affix _TwoPdf --topo-opts --type 2pdf --l2-regularize 0.00001 --normalize-egs true --stage 10 --num-epochs 4 --minibatch-size 150=100,64/300=64,32/600=32,16/1200=8,4 --equal-align-iters 5 --use-final-stddev true --dim 750 --tree-affix _sharedT1S1
Run Ljg1m, dir = exp/chain/e2e_ep4_dim750_nommi0_nrmegs_EqAl5_stddev_0.2xL2_TwoPdf_sharedT1S1

################ odrDf #################
run-id: odrDf
Tue Oct 3 13:55:56 EDT 2017
local/chain/run_e2e_dropout_2Ls.sh --drop-prop  --affix _ep4_dim800_nommi0_nrmegs_EqAl5_stddev_0.2xL2 --equal-align-iters 5 --use-final-stddev true --num-epochs 4 --l2-regularize 0.00001 --normalize-egs true --no-mmi-percent 0 --dim 800 --topo-affix _chain --tree-affix _sharedT1S1 --topo-opts --type chain --stage 15
Run odrDf, dir = exp/chain/e2e_ep4_dim800_nommi0_nrmegs_EqAl5_stddev_0.2xL2_chain_sharedT1S1

################ 5QSN0 #################
run-id: 5QSN0
Tue Oct 3 13:59:15 EDT 2017
local/chain/run_e2e_dropout_2Ls.sh --drop-prop  --affix _ep4_dim750_nommi0_nrmegs_EqAl5_stddev_0.2xL2 --no-mmi-percent 0 --dim 750 --topo-affix _TwoPdf --topo-opts --type 2pdf --l2-regularize 0.00001 --normalize-egs true --stage 13 --train-stage 109 --num-epochs 4 --minibatch-size 150=100,64/300=64,32/600=32,16/1200=8,4 --equal-align-iters 5 --use-final-stddev true --dim 750 --tree-affix _sharedT1S1
Run 5QSN0, dir = exp/chain/e2e_ep4_dim750_nommi0_nrmegs_EqAl5_stddev_0.2xL2_TwoPdf_sharedT1S1
Run odrDf done. Date: Tue Oct  3 14:41:37 EDT 2017. Results:
%WER 24.1 | 4459 42989 | 78.2 15.5 6.2 2.4 24.1 60.7 | exp/chain/e2e_ep4_dim800_nommi0_nrmegs_EqAl5_stddev_0.2xL2_chain_sharedT1S1/decode_a1.0_p10.0_s1.0_eval2000_sw1_tg/score_8_1.0/eval2000_hires.ctm.filt.sys
%WER 17.8 | 1831 21395 | 83.8 11.3 4.9 1.7 17.8 55.4 | exp/chain/e2e_ep4_dim800_nommi0_nrmegs_EqAl5_stddev_0.2xL2_chain_sharedT1S1/decode_a1.0_p10.0_s1.0_eval2000_sw1_tg/score_9_1.0/eval2000_hires.ctm.swbd.filt.sys
%WER 30.2 | 2628 21594 | 72.8 19.7 7.5 3.1 30.2 64.3 | exp/chain/e2e_ep4_dim800_nommi0_nrmegs_EqAl5_stddev_0.2xL2_chain_sharedT1S1/decode_a1.0_p10.0_s1.0_eval2000_sw1_tg/score_8_0.0/eval2000_hires.ctm.callhm.filt.sys
# local/chain/compare_wer_general.sh exp/chain/e2e_ep4_dim800_nommi0_nrmegs_EqAl5_stddev_0.2xL2_chain_sharedT1S1
# System                exp/chain/e2e_ep4_dim800_nommi0_nrmegs_EqAl5_stddev_0.2xL2_chain_sharedT1S1
# WER on train_dev(tg)      21.87
# WER on train_dev(fg)      20.15
# WER on eval2000(tg)        24.1
# WER on eval2000(fg)        22.0
# Final train prob         -0.881
# Final valid prob         -0.906
# Final train prob (xent)         0.000
# Final valid prob (xent)        0.0000

################ 5G0Hp #################
run-id: 5G0Hp
Tue Oct 3 17:05:35 EDT 2017
local/chain/run_e2e_dropout_2Ls.sh --drop-prop  --affix _ep4_dim750_nommi0_nrmegs_EqAl5_stddev_0.2xL2 --no-mmi-percent 0 --dim 750 --topo-affix _TwoPdf --topo-opts --type 2pdf --l2-regularize 0.00001 --normalize-egs true --num-epochs 4 --minibatch-size 150=100,64/300=64,32/600=32,16/1200=8,4 --equal-align-iters 5 --use-final-stddev true --dim 750 --tree-affix _sharedT1S1 --stage 13 --train-stage 113
Run 5G0Hp, dir = exp/chain/e2e_ep4_dim750_nommi0_nrmegs_EqAl5_stddev_0.2xL2_TwoPdf_sharedT1S1

################ j54le #################
run-id: j54le
Tue Oct 3 17:17:17 EDT 2017
local/chain/run_e2e_dropout_2Ls.sh --drop-prop  --affix _ep4_dim750_nommi0_nrmegs_EqAl5_stddev_0.2xL2 --no-mmi-percent 0 --dim 750 --topo-affix _TwoPdf --topo-opts --type 2pdf --l2-regularize 0.00001 --normalize-egs true --num-epochs 4 --minibatch-size 150=100,64/300=64,32/600=32,16/1200=8,4 --equal-align-iters 5 --use-final-stddev true --dim 750 --tree-affix _sharedT1S1 --stage 13 --train-stage 113
Run j54le, dir = exp/chain/e2e_ep4_dim750_nommi0_nrmegs_EqAl5_stddev_0.2xL2_TwoPdf_sharedT1S1

################ oA11X #################
run-id: oA11X
Tue Oct 3 19:25:51 EDT 2017
local/chain/run_e2e_dropout_2Ls.sh --drop-prop  --affix _ep4_dim750_nommi0_nrmegs_EqAl5_stddev_0.2xL2 --no-mmi-percent 0 --dim 750 --topo-affix _TwoPdf --topo-opts --type 2pdf --l2-regularize 0.00001 --normalize-egs true --num-epochs 4 --minibatch-size 150=100,64/300=64,32/600=32,16/1200=8,4 --equal-align-iters 5 --use-final-stddev true --dim 750 --tree-affix _sharedT1S1 --stage 13 --train-stage 121
Run oA11X, dir = exp/chain/e2e_ep4_dim750_nommi0_nrmegs_EqAl5_stddev_0.2xL2_TwoPdf_sharedT1S1

################ sLCBd #################
run-id: sLCBd
Tue Oct 3 23:48:19 EDT 2017
local/chain/run_e2e_dropout_2Ls.sh --drop-prop  --affix _ep4_dim750_nommi0_nrmegs_EqAl5_stddev_0.2xL2 --no-mmi-percent 0 --dim 750 --topo-affix _TwoPdf --topo-opts --type 2pdf --l2-regularize 0.00001 --normalize-egs true --num-epochs 4 --minibatch-size 150=100,64/300=64,32/600=32,16/1200=8,4 --equal-align-iters 5 --use-final-stddev true --dim 750 --tree-affix _sharedT1S1 --stage 13 --train-stage 141
Run sLCBd, dir = exp/chain/e2e_ep4_dim750_nommi0_nrmegs_EqAl5_stddev_0.2xL2_TwoPdf_sharedT1S1
Run sLCBd done. Date: Wed Oct  4 02:53:34 EDT 2017. Results:
%WER 24.1 | 4459 42989 | 78.4 15.6 6.0 2.5 24.1 60.2 | exp/chain/e2e_ep4_dim750_nommi0_nrmegs_EqAl5_stddev_0.2xL2_TwoPdf_sharedT1S1/decode_a1.0_p10.0_s1.0_eval2000_sw1_tg/score_8_0.0/eval2000_hires.ctm.filt.sys
%WER 17.6 | 1831 21395 | 83.9 11.1 5.0 1.5 17.6 55.1 | exp/chain/e2e_ep4_dim750_nommi0_nrmegs_EqAl5_stddev_0.2xL2_TwoPdf_sharedT1S1/decode_a1.0_p10.0_s1.0_eval2000_sw1_tg/score_10_0.0/eval2000_hires.ctm.swbd.filt.sys
%WER 30.4 | 2628 21594 | 72.6 19.7 7.7 3.1 30.4 64.3 | exp/chain/e2e_ep4_dim750_nommi0_nrmegs_EqAl5_stddev_0.2xL2_TwoPdf_sharedT1S1/decode_a1.0_p10.0_s1.0_eval2000_sw1_tg/score_8_0.0/eval2000_hires.ctm.callhm.filt.sys
# local/chain/compare_wer_general.sh exp/chain/e2e_ep4_dim750_nommi0_nrmegs_EqAl5_stddev_0.2xL2_TwoPdf_sharedT1S1
# System                exp/chain/e2e_ep4_dim750_nommi0_nrmegs_EqAl5_stddev_0.2xL2_TwoPdf_sharedT1S1
# WER on train_dev(tg)      22.05
# WER on train_dev(fg)      20.57
# WER on eval2000(tg)        24.1
# WER on eval2000(fg)        21.9
# Final train prob         -0.880
# Final valid prob         -0.907
# Final train prob (xent)         0.000
# Final valid prob (xent)        0.0000

################ SVN61 #################
run-id: SVN61
Wed Oct 4 13:51:35 EDT 2017
local/chain/run_e2e_dropout_2Ls.sh --drop-prop  --affix _ep4_dim750_nommi0_nrmegs_EqAl0_stddev_0.2xL2 --no-mmi-percent 0 --topo-affix _TwoPdf --topo-opts --type 2pdf --l2-regularize 0.00001 --normalize-egs true --num-epochs 4 --minibatch-size 150=100,64/300=64,32/600=32,16/1200=8,4 --equal-align-iters 0 --use-final-stddev true --dim 750 --tree-affix _sharedT1S1 --stage 12
Run SVN61, dir = exp/chain/e2e_ep4_dim750_nommi0_nrmegs_EqAl0_stddev_0.2xL2_TwoPdf_sharedT1S1

################ yKU6o #################
run-id: yKU6o
Wed Oct 4 15:27:55 EDT 2017
local/chain/run_e2e_dropout_2Ls_biphone.sh --drop-prop  --affix _ep4_dim750_nommi0_nrmegs_EqAl5_stddev_0.2xL2 --no-mmi-percent 0 --dim 750 --topo-affix _chain --topo-opts --type chain --l2-regularize 0.00001 --normalize-egs true --num-epochs 4 --minibatch-size 150=100,64/300=64,32/600=32,16/1200=8,4 --equal-align-iters 5 --use-final-stddev true --dim 750 --tree-affix _sharedT1S1 --stage 11

################ SMGOg #################
run-id: SMGOg
Wed Oct 4 15:31:33 EDT 2017
local/chain/run_e2e_dropout_2Ls_biphone.sh --drop-prop  --affix _ep4_dim750_nommi0_nrmegs_EqAl5_stddev_0.2xL2 --no-mmi-percent 0 --dim 750 --topo-affix _chain --topo-opts --type chain --l2-regularize 0.00001 --normalize-egs true --num-epochs 4 --minibatch-size 150=100,64/300=64,32/600=32,16/1200=8,4 --equal-align-iters 5 --use-final-stddev true --dim 750 --tree-affix _sharedT1S1 --stage 11
Run SMGOg, dir = exp/chain/e2ebiphone_ep4_dim750_nommi0_nrmegs_EqAl5_stddev_0.2xL2_chain_sharedT1S1
Run SMGOg done. Date: Thu Oct  5 15:43:25 EDT 2017. Results:
%WER 20.3 | 4459 42989 | 81.7 12.7 5.6 2.0 20.3 57.5 | exp/chain/e2ebiphone_ep4_dim750_nommi0_nrmegs_EqAl5_stddev_0.2xL2_chain_sharedT1S1/decode_a1.0_p10.0_s1.0_eval2000_sw1_tg/score_10_0.0/eval2000_hires.ctm.filt.sys
%WER 14.3 | 1831 21395 | 87.2 9.0 3.8 1.5 14.3 51.2 | exp/chain/e2ebiphone_ep4_dim750_nommi0_nrmegs_EqAl5_stddev_0.2xL2_chain_sharedT1S1/decode_a1.0_p10.0_s1.0_eval2000_sw1_tg/score_10_0.0/eval2000_hires.ctm.swbd.filt.sys
%WER 26.2 | 2628 21594 | 76.6 16.7 6.7 2.9 26.2 61.6 | exp/chain/e2ebiphone_ep4_dim750_nommi0_nrmegs_EqAl5_stddev_0.2xL2_chain_sharedT1S1/decode_a1.0_p10.0_s1.0_eval2000_sw1_tg/score_9_0.0/eval2000_hires.ctm.callhm.filt.sys
# local/chain/compare_wer_general.sh exp/chain/e2ebiphone_ep4_dim750_nommi0_nrmegs_EqAl5_stddev_0.2xL2_chain_sharedT1S1
# System                exp/chain/e2ebiphone_ep4_dim750_nommi0_nrmegs_EqAl5_stddev_0.2xL2_chain_sharedT1S1
# WER on train_dev(tg)      18.71
# WER on train_dev(fg)      17.14
# WER on eval2000(tg)        20.3
# WER on eval2000(fg)        18.4
# Final train prob         -0.841
# Final valid prob         -0.867
# Final train prob (xent)         0.000
# Final valid prob (xent)        0.0000

################ SQGgm #################
run-id: SQGgm
Thu Oct 5 16:02:56 EDT 2017
local/chain/run_e2e_dropout_2Ls_biphone.sh --drop-prop  --affix _ep4_dim800_nommi0_nrmegs_EqAl5_stddev_0.2xL2 --no-mmi-percent 0 --dim 800 --topo-affix _1pdf --topo-opts --type 1pdf --l2-regularize 0.00001 --normalize-egs true --num-epochs 4 --minibatch-size 150=100,64/300=64,32/600=32,16/1200=8,4 --equal-align-iters 5 --use-final-stddev true --tree-affix _sharedT1S1 --stage 10
Run SQGgm, dir = exp/chain/e2ebiphone_ep4_dim800_nommi0_nrmegs_EqAl5_stddev_0.2xL2_1pdf_sharedT1S1
Run SQGgm done. Date: Fri Oct  6 14:36:36 EDT 2017. Results:
%WER 21.2 | 4459 42989 | 80.8 13.2 6.0 2.0 21.2 58.5 | exp/chain/e2ebiphone_ep4_dim800_nommi0_nrmegs_EqAl5_stddev_0.2xL2_1pdf_sharedT1S1/decode_a1.0_p10.0_s1.0_eval2000_sw1_tg/score_9_0.0/eval2000_hires.ctm.filt.sys
%WER 15.4 | 1831 21395 | 86.0 9.5 4.6 1.4 15.4 52.1 | exp/chain/e2ebiphone_ep4_dim800_nommi0_nrmegs_EqAl5_stddev_0.2xL2_1pdf_sharedT1S1/decode_a1.0_p10.0_s1.0_eval2000_sw1_tg/score_10_0.0/eval2000_hires.ctm.swbd.filt.sys
%WER 26.9 | 2628 21594 | 75.5 16.7 7.8 2.4 26.9 62.9 | exp/chain/e2ebiphone_ep4_dim800_nommi0_nrmegs_EqAl5_stddev_0.2xL2_1pdf_sharedT1S1/decode_a1.0_p10.0_s1.0_eval2000_sw1_tg/score_9_0.0/eval2000_hires.ctm.callhm.filt.sys
# local/chain/compare_wer_general.sh exp/chain/e2ebiphone_ep4_dim800_nommi0_nrmegs_EqAl5_stddev_0.2xL2_1pdf_sharedT1S1
# System                exp/chain/e2ebiphone_ep4_dim800_nommi0_nrmegs_EqAl5_stddev_0.2xL2_1pdf_sharedT1S1
# WER on train_dev(tg)      19.38
# WER on train_dev(fg)      17.81
# WER on eval2000(tg)        21.2
# WER on eval2000(fg)        19.2
# Final train prob         -0.855
# Final valid prob         -0.884
# Final train prob (xent)         0.000
# Final valid prob (xent)        0.0000

################ ftrIH #################
run-id: ftrIH
Sat Oct 14 03:32:57 EDT 2017
local/chain/run_e2e_dropout_2Ls.sh --drop-prop  --affix _ep4_dim750_nommi0_nrmegs_EqAl0_stddev_0.2xL2 --equal-align-iters 0 --use-final-stddev true --num-epochs 4 --l2-regularize 0.00001 --normalize-egs true --no-mmi-percent 0 --dim 750 --topo-affix _1pdf --tree-affix _sharedT1S1 --topo-opts --type 1pdf --stage 12
Run ftrIH, dir = exp/chain/e2e_ep4_dim750_nommi0_nrmegs_EqAl0_stddev_0.2xL2_1pdf_sharedT1S1

################ FAP7c #################
run-id: FAP7c
Sat Oct 14 23:59:51 EDT 2017
local/chain/run_e2e_dropout_2Ls.sh --drop-prop  --affix _ep4_dim750_nommi0_nrmegs_EqAl0_stddev_0.2xL2 --equal-align-iters 0 --use-final-stddev true --num-epochs 4 --l2-regularize 0.00001 --normalize-egs true --no-mmi-percent 0 --dim 750 --topo-affix _3pdf --tree-affix _sharedT1S1 --topo-opts --type 3pdf --stage 10
Run FAP7c, dir = exp/chain/e2e_ep4_dim750_nommi0_nrmegs_EqAl0_stddev_0.2xL2_3pdf_sharedT1S1

################ Rj8fp #################
run-id: Rj8fp
Sun Oct 15 02:07:46 EDT 2017
local/chain/run_e2e_dropout_2Ls.sh --drop-prop  --affix _ep4_dim750_nommi70_nrmegs_EqAl0_stddev_0xL2 --equal-align-iters 0 --use-final-stddev true --num-epochs 4 --l2-regularize 0.0 --normalize-egs true --no-mmi-percent 70 --dim 750 --topo-affix _chain --tree-affix _sharedT1S1 --topo-opts --type chain --stage 12
Run Rj8fp, dir = exp/chain/e2e_ep4_dim750_nommi70_nrmegs_EqAl0_stddev_0xL2_chain_sharedT1S1
Run ftrIH done. Date: Sun Oct 15 07:53:42 EDT 2017. Results:
%WER 26.7 | 4459 42989 | 75.7 17.1 7.2 2.4 26.7 63.0 | exp/chain/e2e_ep4_dim750_nommi0_nrmegs_EqAl0_stddev_0.2xL2_1pdf_sharedT1S1/decode_a1.0_p10.0_s1.0_eval2000_sw1_tg/score_7_0.0/eval2000_hires.ctm.filt.sys
%WER 19.7 | 1831 21395 | 81.9 12.5 5.6 1.6 19.7 57.2 | exp/chain/e2e_ep4_dim750_nommi0_nrmegs_EqAl0_stddev_0.2xL2_1pdf_sharedT1S1/decode_a1.0_p10.0_s1.0_eval2000_sw1_tg/score_8_0.0/eval2000_hires.ctm.swbd.filt.sys
%WER 33.5 | 2628 21594 | 69.5 21.4 9.1 3.0 33.5 66.7 | exp/chain/e2e_ep4_dim750_nommi0_nrmegs_EqAl0_stddev_0.2xL2_1pdf_sharedT1S1/decode_a1.0_p10.0_s1.0_eval2000_sw1_tg/score_7_0.0/eval2000_hires.ctm.callhm.filt.sys
# local/chain/compare_wer_general.sh exp/chain/e2e_ep4_dim750_nommi0_nrmegs_EqAl0_stddev_0.2xL2_1pdf_sharedT1S1
# System                exp/chain/e2e_ep4_dim750_nommi0_nrmegs_EqAl0_stddev_0.2xL2_1pdf_sharedT1S1
# WER on train_dev(tg)      24.93
# WER on train_dev(fg)      23.03
# WER on eval2000(tg)        26.7
# WER on eval2000(fg)        24.7
# Final train prob         -0.902
# Final valid prob         -0.924
# Final train prob (xent)         0.000
# Final valid prob (xent)        0.0000
Run Rj8fp done. Date: Mon Oct 16 02:31:40 EDT 2017. Results:
%WER 25.8 | 4459 42989 | 76.7 16.9 6.5 2.5 25.8 63.2 | exp/chain/e2e_ep4_dim750_nommi70_nrmegs_EqAl0_stddev_0xL2_chain_sharedT1S1/decode_a1.0_p10.0_s1.0_eval2000_sw1_tg/score_8_0.5/eval2000_hires.ctm.filt.sys
%WER 19.5 | 1831 21395 | 82.4 12.9 4.7 1.9 19.5 58.2 | exp/chain/e2e_ep4_dim750_nommi70_nrmegs_EqAl0_stddev_0xL2_chain_sharedT1S1/decode_a1.0_p10.0_s1.0_eval2000_sw1_tg/score_8_0.0/eval2000_hires.ctm.swbd.filt.sys
%WER 32.1 | 2628 21594 | 71.1 20.9 8.0 3.2 32.1 66.6 | exp/chain/e2e_ep4_dim750_nommi70_nrmegs_EqAl0_stddev_0xL2_chain_sharedT1S1/decode_a1.0_p10.0_s1.0_eval2000_sw1_tg/score_8_0.0/eval2000_hires.ctm.callhm.filt.sys
# local/chain/compare_wer_general.sh exp/chain/e2e_ep4_dim750_nommi70_nrmegs_EqAl0_stddev_0xL2_chain_sharedT1S1
# System                exp/chain/e2e_ep4_dim750_nommi70_nrmegs_EqAl0_stddev_0xL2_chain_sharedT1S1
# WER on train_dev(tg)      24.48
# WER on train_dev(fg)      22.78
# WER on eval2000(tg)        25.8
# WER on eval2000(fg)        23.7
# Final train prob         -0.906
# Final valid prob         -0.919
# Final train prob (xent)         0.000
# Final valid prob (xent)        0.0000
Run FAP7c done. Date: Mon Oct 16 13:40:08 EDT 2017. Results:
%WER 23.9 | 4459 42989 | 78.5 15.4 6.1 2.4 23.9 60.0 | exp/chain/e2e_ep4_dim750_nommi0_nrmegs_EqAl0_stddev_0.2xL2_3pdf_sharedT1S1/decode_a1.0_p10.0_s1.0_eval2000_sw1_tg/score_8_0.0/eval2000_hires.ctm.filt.sys
%WER 17.5 | 1831 21395 | 84.3 11.3 4.4 1.8 17.5 54.3 | exp/chain/e2e_ep4_dim750_nommi0_nrmegs_EqAl0_stddev_0.2xL2_3pdf_sharedT1S1/decode_a1.0_p10.0_s1.0_eval2000_sw1_tg/score_8_0.5/eval2000_hires.ctm.swbd.filt.sys
%WER 30.2 | 2628 21594 | 72.7 19.5 7.8 3.0 30.2 64.1 | exp/chain/e2e_ep4_dim750_nommi0_nrmegs_EqAl0_stddev_0.2xL2_3pdf_sharedT1S1/decode_a1.0_p10.0_s1.0_eval2000_sw1_tg/score_8_0.0/eval2000_hires.ctm.callhm.filt.sys
# local/chain/compare_wer_general.sh exp/chain/e2e_ep4_dim750_nommi0_nrmegs_EqAl0_stddev_0.2xL2_3pdf_sharedT1S1
# System                exp/chain/e2e_ep4_dim750_nommi0_nrmegs_EqAl0_stddev_0.2xL2_3pdf_sharedT1S1
# WER on train_dev(tg)      22.16
# WER on train_dev(fg)      20.55
# WER on eval2000(tg)        23.9
# WER on eval2000(fg)        21.7
# Final train prob         -0.880
# Final valid prob         -0.903
# Final train prob (xent)         0.000
# Final valid prob (xent)        0.0000

################ 1aVNd #################
run-id: 1aVNd
Mon Oct 16 16:43:50 EDT 2017
local/chain/run_e2e_dropout_2Ls.sh --drop-prop  --affix _ep4_dim750_nommi101_nrmegs_EqAl0_stddev_0xL2 --equal-align-iters 0 --use-final-stddev true --num-epochs 4 --l2-regularize 0.0 --normalize-egs true --no-mmi-percent 101 --dim 750 --topo-affix _chain --tree-affix _sharedT1S1 --topo-opts --type chain --stage 12
Run 1aVNd, dir = exp/chain/e2e_ep4_dim750_nommi101_nrmegs_EqAl0_stddev_0xL2_chain_sharedT1S1
Run 1aVNd done. Date: Tue Oct 17 18:27:14 EDT 2017. Results:
%WER 37.3 | 4459 42989 | 64.6 23.1 12.4 1.9 37.3 72.1 | exp/chain/e2e_ep4_dim750_nommi101_nrmegs_EqAl0_stddev_0xL2_chain_sharedT1S1/decode_a1.0_p10.0_s1.0_eval2000_sw1_tg/score_10_0.5/eval2000_hires.ctm.filt.sys
%WER 30.3 | 1831 21395 | 71.4 18.8 9.8 1.7 30.3 66.4 | exp/chain/e2e_ep4_dim750_nommi101_nrmegs_EqAl0_stddev_0xL2_chain_sharedT1S1/decode_a1.0_p10.0_s1.0_eval2000_sw1_tg/score_10_0.0/eval2000_hires.ctm.swbd.filt.sys
%WER 44.1 | 2628 21594 | 58.5 27.9 13.6 2.6 44.1 76.4 | exp/chain/e2e_ep4_dim750_nommi101_nrmegs_EqAl0_stddev_0xL2_chain_sharedT1S1/decode_a1.0_p10.0_s1.0_eval2000_sw1_tg/score_8_0.0/eval2000_hires.ctm.callhm.filt.sys
# local/chain/compare_wer_general.sh exp/chain/e2e_ep4_dim750_nommi101_nrmegs_EqAl0_stddev_0xL2_chain_sharedT1S1
# System                exp/chain/e2e_ep4_dim750_nommi101_nrmegs_EqAl0_stddev_0xL2_chain_sharedT1S1
# WER on train_dev(tg)      35.39
# WER on train_dev(fg)      33.94
# WER on eval2000(tg)        37.3
# WER on eval2000(fg)        35.9
# Final train prob         -2.505
# Final valid prob         -2.517
# Final train prob (xent)         0.000
# Final valid prob (xent)        0.0000

################ TxlrP #################
run-id: TxlrP
Sat Oct 21 18:12:22 EDT 2017
local/chain/run_e2e_ctc.sh --drop-prop --affix _ep4_dim750_nommi0_nrmegs_EqAl0_stddev_0.2xL2 --equal-align-iters 0 --use-final-stddev true --num-epochs 4 --l2-regularize 0.00001 --normalize-egs true --no-mmi-percent 0 --dim 750 --topo-affix _ctc --tree-affix _sharedT1S1 --topo-opts --type ctc --stage 10
Run TxlrP, dir = exp/chain/e2ectcdrop_2Ls__2Ls_p0.2_ctc_dataEx1-shared-tr1sl1

################ h7kW6 #################
run-id: h7kW6
Sat Oct 21 18:13:11 EDT 2017
local/chain/run_e2e_ctc.sh --drop-prop  --affix _ep4_dim750_nommi0_nrmegs_EqAl0_stddev_0.2xL2 --equal-align-iters 0 --use-final-stddev true --num-epochs 4 --l2-regularize 0.00001 --normalize-egs true --no-mmi-percent 0 --dim 750 --topo-affix _ctc --tree-affix _sharedT1S1 --topo-opts --type ctc --stage 10
Run h7kW6, dir = exp/chain/e2ectc_ep4_dim750_nommi0_nrmegs_EqAl0_stddev_0.2xL2_ctc_sharedT1S1

################ MySVS #################
run-id: MySVS
Sat Oct 21 18:13:45 EDT 2017
local/chain/run_e2e_ctc.sh --drop-prop  --affix _ep4_dim750_nommi0_nrmegs_EqAl0_stddev_0.2xL2 --equal-align-iters 0 --use-final-stddev true --num-epochs 4 --l2-regularize 0.00001 --normalize-egs true --no-mmi-percent 0 --dim 750 --topo-affix _ctc --tree-affix _sharedT1S1 --topo-opts --type ctc --stage 10
Run MySVS, dir = exp/chain/e2ectc_ep4_dim750_nommi0_nrmegs_EqAl0_stddev_0.2xL2_ctc_sharedT1S1

################ DxKiB #################
run-id: DxKiB
Sat Oct 21 18:14:39 EDT 2017
local/chain/run_e2e_ctc.sh --drop-prop  --affix _ep4_dim750_nommi0_nrmegs_EqAl0_stddev_0.2xL2 --equal-align-iters 0 --use-final-stddev true --num-epochs 4 --l2-regularize 0.00001 --normalize-egs true --no-mmi-percent 0 --dim 750 --topo-affix _ctc --tree-affix _sharedT1S1 --topo-opts --type ctc --stage 11
Run DxKiB, dir = exp/chain/e2ectc_ep4_dim750_nommi0_nrmegs_EqAl0_stddev_0.2xL2_ctc_sharedT1S1

################ Q9deO #################
run-id: Q9deO
Sat Oct 21 19:42:38 EDT 2017
local/chain/run_e2e_ctc.sh --drop-prop  --affix _ep4_dim750_nommi0_nrmegs_EqAl0_stddev_0.2xL2 --equal-align-iters 0 --use-final-stddev true --num-epochs 4 --l2-regularize 0.00001 --normalize-egs true --no-mmi-percent 0 --dim 750 --topo-affix _ctc --tree-affix _sharedT1S1 --topo-opts --type ctc --stage 13 --train-stage 0
Run Q9deO, dir = exp/chain/e2ectc_ep4_dim750_nommi0_nrmegs_EqAl0_stddev_0.2xL2_ctc_sharedT1S1

################ hgpgB #################
run-id: hgpgB
Sat Oct 21 19:44:14 EDT 2017
local/chain/run_e2e_ctc.sh --drop-prop  --affix _ep4_dim750_nommi0_nrmegs_EqAl0_stddev_0.2xL2 --equal-align-iters 0 --use-final-stddev true --num-epochs 4 --l2-regularize 0.00001 --normalize-egs true --no-mmi-percent 0 --dim 750 --topo-affix _ctc --tree-affix _sharedT1S1 --topo-opts --type ctc --stage 13 --train-stage 0
Run hgpgB, dir = exp/chain/e2ectc_ep4_dim750_nommi0_nrmegs_EqAl0_stddev_0.2xL2_ctc_sharedT1S1
Run hgpgB done. Date: Mon Oct 23 13:17:38 EDT 2017. Results:
# local/chain/compare_wer_general.sh exp/chain/e2ectc_ep4_dim750_nommi0_nrmegs_EqAl0_stddev_0.2xL2_ctc_sharedT1S1
# System                exp/chain/e2ectc_ep4_dim750_nommi0_nrmegs_EqAl0_stddev_0.2xL2_ctc_sharedT1S1
# WER on train_dev(tg)           
# WER on train_dev(fg)           
# WER on eval2000(tg)            
# WER on eval2000(fg)            
# Final train prob         -0.901
# Final valid prob         -0.922
# Final train prob (xent)         0.000
# Final valid prob (xent)        0.0000

################ 3JIBr #################
run-id: 3JIBr
Mon Oct 23 15:13:28 EDT 2017
local/chain/run_e2e_ctc.sh --drop-prop  --affix _ep4_dim750_nommi0_nrmegs_EqAl0_stddev_0.2xL2 --equal-align-iters 0 --use-final-stddev true --num-epochs 4 --l2-regularize 0.00001 --normalize-egs true --no-mmi-percent 0 --dim 750 --topo-affix _ctc --tree-affix _sharedT1S1 --topo-opts --type ctc --stage 15
Run 3JIBr, dir = exp/chain/e2ectc_ep4_dim750_nommi0_nrmegs_EqAl0_stddev_0.2xL2_ctc_sharedT1S1
Run 3JIBr done. Date: Mon Oct 23 15:51:00 EDT 2017. Results:
%WER 26.7 | 4459 42989 | 75.6 17.0 7.4 2.3 26.7 62.9 | exp/chain/e2ectc_ep4_dim750_nommi0_nrmegs_EqAl0_stddev_0.2xL2_ctc_sharedT1S1/decode_a1.0_p10.0_s1.0_eval2000_sw1_tg/score_7_0.0/eval2000_hires.ctm.filt.sys
%WER 20.0 | 1831 21395 | 81.5 12.5 6.0 1.5 20.0 57.1 | exp/chain/e2ectc_ep4_dim750_nommi0_nrmegs_EqAl0_stddev_0.2xL2_ctc_sharedT1S1/decode_a1.0_p10.0_s1.0_eval2000_sw1_tg/score_8_1.0/eval2000_hires.ctm.swbd.filt.sys
%WER 32.9 | 2628 21594 | 69.7 20.9 9.4 2.6 32.9 66.7 | exp/chain/e2ectc_ep4_dim750_nommi0_nrmegs_EqAl0_stddev_0.2xL2_ctc_sharedT1S1/decode_a1.0_p10.0_s1.0_eval2000_sw1_tg/score_7_0.5/eval2000_hires.ctm.callhm.filt.sys
# local/chain/compare_wer_general.sh exp/chain/e2ectc_ep4_dim750_nommi0_nrmegs_EqAl0_stddev_0.2xL2_ctc_sharedT1S1
# System                exp/chain/e2ectc_ep4_dim750_nommi0_nrmegs_EqAl0_stddev_0.2xL2_ctc_sharedT1S1
# WER on train_dev(tg)      24.78
# WER on train_dev(fg)      23.18
# WER on eval2000(tg)        26.7
# WER on eval2000(fg)        24.7
# Final train prob         -0.901
# Final valid prob         -0.922
# Final train prob (xent)         0.000
# Final valid prob (xent)        0.0000
